<?xml version="1.0" encoding="UTF-8"?>
<testng-results skipped="0" failed="0" total="1" passed="1">
  <reporter-output>
  </reporter-output>
  <suite name="demotest.NewTest" duration-ms="76151" started-at="2018-03-26T10:56:59Z" finished-at="2018-03-26T10:58:15Z">
    <groups>
    </groups>
    <test name="Command line test" duration-ms="76151" started-at="2018-03-26T10:56:59Z" finished-at="2018-03-26T10:58:15Z">
      <class name="demotest.NewTest">
        <test-method status="PASS" signature="beforeTest()[pri:0, instance:demotest.NewTest@5f2050f6]" name="beforeTest" is-config="true" duration-ms="4343" started-at="2018-03-26T12:56:59Z" finished-at="2018-03-26T12:57:04Z">
          <reporter-output>
          </reporter-output>
        </test-method> <!-- beforeTest -->
        <test-method status="PASS" signature="f()[pri:0, instance:demotest.NewTest@5f2050f6]" name="f" duration-ms="70762" started-at="2018-03-26T12:57:04Z" finished-at="2018-03-26T12:58:14Z">
          <reporter-output>
          </reporter-output>
        </test-method> <!-- f -->
        <test-method status="PASS" signature="afterTest()[pri:0, instance:demotest.NewTest@5f2050f6]" name="afterTest" is-config="true" duration-ms="1034" started-at="2018-03-26T12:58:14Z" finished-at="2018-03-26T12:58:15Z">
          <reporter-output>
          </reporter-output>
        </test-method> <!-- afterTest -->
      </class> <!-- demotest.NewTest -->
    </test> <!-- Command line test -->
  </suite> <!-- demotest.NewTest -->
</testng-results>
